<?xml version="1.0" encoding="UTF-8"?>
<!-- Generated by org.testng.reporters.JUnitXMLReporter -->
<testsuite ignored="0" hostname="RaviKonka" failures="2" tests="4" name="Test" time="24.225" errors="0" timestamp="2026-03-09T14:59:15 CDT">
  <testcase classname="testCases.TC003_LoginDataDrivenTest" name="verifyloginDDT" time="2.415"/>
  <testcase classname="testCases.TC003_LoginDataDrivenTest" name="verifyloginDDT" time="2.559">
    <failure type="java.lang.AssertionError" message="expected [true] but found [false]">
      <![CDATA[java.lang.AssertionError: expected [true] but found [false]
at testCases.TC003_LoginDataDrivenTest.verifyloginDDT(TC003_LoginDataDrivenTest.java:55)
at java.base/java.util.ArrayList.forEach(ArrayList.java:1511)
... Removed 31 stack frames]]>
    </failure>
  </testcase> <!-- verifyloginDDT -->
  <testcase classname="testCases.TC003_LoginDataDrivenTest" name="verifyloginDDT" time="2.846">
    <failure type="java.lang.AssertionError" message="expected [true] but found [false]">
      <![CDATA[java.lang.AssertionError: expected [true] but found [false]
at testCases.TC003_LoginDataDrivenTest.verifyloginDDT(TC003_LoginDataDrivenTest.java:55)
at java.base/java.util.ArrayList.forEach(ArrayList.java:1511)
... Removed 31 stack frames]]>
    </failure>
  </testcase> <!-- verifyloginDDT -->
  <testcase classname="testCases.TC003_LoginDataDrivenTest" name="verifyloginDDT" time="10.712"/>
</testsuite> <!-- Test -->
