<?xml version="1.0" encoding="UTF-8"?>
<testng-results ignored="0" total="2" passed="2" failed="0" skipped="0">
  <reporter-output>
  </reporter-output>
  <suite started-at="2026-03-11T21:55:18 CDT" name="Master Suite" finished-at="2026-03-11T21:55:39 CDT" duration-ms="21097">
    <groups>
      <group name="Master">
        <method signature="TC001_AccountRegistrationTest.test_Account_Registration()[pri:0, instance:testCases.TC001_AccountRegistrationTest@75329a49]" name="test_Account_Registration" class="testCases.TC001_AccountRegistrationTest"/>
        <method signature="TC002_LoginTest.verifyLoginTest()[pri:0, instance:testCases.TC002_LoginTest@49c386c8]" name="verifyLoginTest" class="testCases.TC002_LoginTest"/>
      </group> <!-- Master -->
      <group name="Regression">
        <method signature="TC002_LoginTest.verifyLoginTest()[pri:0, instance:testCases.TC002_LoginTest@49c386c8]" name="verifyLoginTest" class="testCases.TC002_LoginTest"/>
      </group> <!-- Regression -->
      <group name="sanity">
        <method signature="TC001_AccountRegistrationTest.test_Account_Registration()[pri:0, instance:testCases.TC001_AccountRegistrationTest@75329a49]" name="test_Account_Registration" class="testCases.TC001_AccountRegistrationTest"/>
      </group> <!-- sanity -->
    </groups>
    <test started-at="2026-03-11T21:55:18 CDT" name="Test" finished-at="2026-03-11T21:55:39 CDT" duration-ms="21097">
      <class name="testCases.TC002_LoginTest">
        <test-method is-config="true" signature="setUp(java.lang.String,java.lang.String)[pri:0, instance:testCases.TC002_LoginTest@49c386c8]" started-at="2026-03-11T21:55:34 CDT" name="setUp" finished-at="2026-03-11T21:55:37 CDT" duration-ms="2754" status="PASS">
          <params>
            <param index="0">
              <value>
                <![CDATA[windows]]>
              </value>
            </param>
            <param index="1">
              <value>
                <![CDATA[edge]]>
              </value>
            </param>
          </params>
          <reporter-output>
          </reporter-output>
        </test-method> <!-- setUp -->
        <test-method signature="verifyLoginTest()[pri:0, instance:testCases.TC002_LoginTest@49c386c8]" started-at="2026-03-11T21:55:37 CDT" name="verifyLoginTest" finished-at="2026-03-11T21:55:39 CDT" duration-ms="1845" status="PASS">
          <reporter-output>
          </reporter-output>
        </test-method> <!-- verifyLoginTest -->
        <test-method is-config="true" signature="tearDown()[pri:0, instance:testCases.TC002_LoginTest@49c386c8]" started-at="2026-03-11T21:55:39 CDT" name="tearDown" finished-at="2026-03-11T21:55:39 CDT" duration-ms="184" status="PASS">
          <reporter-output>
          </reporter-output>
        </test-method> <!-- tearDown -->
      </class> <!-- testCases.TC002_LoginTest -->
      <class name="testCases.TC001_AccountRegistrationTest">
        <test-method is-config="true" signature="setUp(java.lang.String,java.lang.String)[pri:0, instance:testCases.TC001_AccountRegistrationTest@75329a49]" started-at="2026-03-11T21:55:18 CDT" name="setUp" finished-at="2026-03-11T21:55:31 CDT" duration-ms="12379" status="PASS">
          <params>
            <param index="0">
              <value>
                <![CDATA[windows]]>
              </value>
            </param>
            <param index="1">
              <value>
                <![CDATA[edge]]>
              </value>
            </param>
          </params>
          <reporter-output>
          </reporter-output>
        </test-method> <!-- setUp -->
        <test-method signature="test_Account_Registration()[pri:0, instance:testCases.TC001_AccountRegistrationTest@75329a49]" started-at="2026-03-11T21:55:31 CDT" name="test_Account_Registration" finished-at="2026-03-11T21:55:34 CDT" duration-ms="3552" status="PASS">
          <reporter-output>
          </reporter-output>
        </test-method> <!-- test_Account_Registration -->
        <test-method is-config="true" signature="tearDown()[pri:0, instance:testCases.TC001_AccountRegistrationTest@75329a49]" started-at="2026-03-11T21:55:34 CDT" name="tearDown" finished-at="2026-03-11T21:55:34 CDT" duration-ms="177" status="PASS">
          <reporter-output>
          </reporter-output>
        </test-method> <!-- tearDown -->
      </class> <!-- testCases.TC001_AccountRegistrationTest -->
    </test> <!-- Test -->
  </suite> <!-- Master Suite -->
</testng-results>
